C:\Program Files (x86)\Microsoft Visual Studio\2017\Community\Common7\IDE\VC\VCTargets\Microsoft.CppBuild.targets(376,5): warning MSB8004: la directory Intermediate non termina con una barra finale. Nell'istanza della compilazione verrà aggiunta la barra poiché è necessaria per consentire la corretta valutazione della directory Intermediate.
  Compiling CUDA source file src/average_gpu.cu...
  
  C:\Users\Riccardo\Desktop\3Anno\Multimedia\Cuda\cudaRepo\CudaProgramming>"C:\Program Files\NVIDIA GPU Computing Toolkit\CUDA\v10.0\bin\nvcc.exe" -gencode=arch=compute_30,code=\"sm_30,compute_30\" -gencode=arch=compute_32,code=\"sm_32,compute_32\" -gencode=arch=compute_35,code=\"sm_35,compute_35\" -gencode=arch=compute_50,code=\"sm_50,compute_50\" -gencode=arch=compute_52,code=\"sm_52,compute_52\" -gencode=arch=compute_53,code=\"sm_53,compute_53\" -gencode=arch=compute_60,code=\"sm_60,compute_60\" -gencode=arch=compute_61,code=\"sm_61,compute_61\" -gencode=arch=compute_62,code=\"sm_62,compute_62\" -gencode=arch=compute_70,code=\"sm_70,compute_70\" -gencode=arch=compute_72,code=\"sm_72,compute_72\" -gencode=arch=compute_75,code=\"sm_75,compute_75\" -gencode=arch=compute_35,code=\"sm_35,compute_35\" --use-local-env -ccbin "C:\Program Files (x86)\Microsoft Visual Studio\2017\Community\VC\Tools\MSVC\14.15.26726\bin\HostX86\x64" -x cu  -IC:\Users\Riccardo\Desktop\3Anno\Multimedia\Cuda\cudaRepo\CudaProgramming\src\helperfunctions -IC:\Users\Riccardo\Desktop\3Anno\Multimedia\Cuda\cudaRepo\CudaProgramming\src\utilities -IC:\Users\Riccardo\Desktop\3Anno\Multimedia\Cuda\cudaRepo\CudaProgramming\src\helperfunctions -IC:\Users\Riccardo\Desktop\3Anno\Multimedia\Cuda\cudaRepo\CudaProgramming\src\utilities -I"C:\Program Files\NVIDIA GPU Computing Toolkit\CUDA\v10.0\include" -I"C:\Program Files\NVIDIA GPU Computing Toolkit\CUDA\v10.0\include"  -G   --keep-dir x64\Release -maxrregcount=0  --machine 64 --compile -cudart static     -DWIN32 -DWIN64 -DNDEBUG -D_CONSOLE -D_MBCS -Xcompiler "/EHsc /W3 /nologo /O2 /FdC:\Users\Riccardo\Desktop\3Anno\Multimedia\Cuda\cudaRepo\CudaProgramming\x64\Release\Intermediate\vc141.pdb /FS /Zi  /MD " -o C:\Users\Riccardo\Desktop\3Anno\Multimedia\Cuda\cudaRepo\CudaProgramming\x64\Release\Intermediate\average_gpu.cu.obj "C:\Users\Riccardo\Desktop\3Anno\Multimedia\Cuda\cudaRepo\CudaProgramming\src\average_gpu.cu" 
  average_gpu.cu
  average_cpu.c
  profiling.c
  main.cpp
c:\users\riccardo\desktop\3anno\multimedia\cuda\cudarepo\cudaprogramming\src\utilities\stb_image_write.h(233): warning C4996: 'fopen': This function or variable may be unsafe. Consider using fopen_s instead. To disable deprecation, use _CRT_SECURE_NO_WARNINGS. See online help for details.
  c:\program files (x86)\windows kits\10\include\10.0.17134.0\ucrt\stdio.h(208): note: vedere la dichiarazione di 'fopen'
c:\users\riccardo\desktop\3anno\multimedia\cuda\cudarepo\cudaprogramming\src\utilities\stb_image_write.h(629): warning C4996: 'sprintf': This function or variable may be unsafe. Consider using sprintf_s instead. To disable deprecation, use _CRT_SECURE_NO_WARNINGS. See online help for details.
  c:\program files (x86)\windows kits\10\include\10.0.17134.0\ucrt\stdio.h(1774): note: vedere la dichiarazione di 'sprintf'
c:\users\riccardo\desktop\3anno\multimedia\cuda\cudarepo\cudaprogramming\src\utilities\stb_image_write.h(1013): warning C4996: 'fopen': This function or variable may be unsafe. Consider using fopen_s instead. To disable deprecation, use _CRT_SECURE_NO_WARNINGS. See online help for details.
  c:\program files (x86)\windows kits\10\include\10.0.17134.0\ucrt\stdio.h(208): note: vedere la dichiarazione di 'fopen'
c:\users\riccardo\desktop\3anno\multimedia\cuda\cudarepo\cudaprogramming\src\main.cpp(19): warning C4996: 'scanf': This function or variable may be unsafe. Consider using scanf_s instead. To disable deprecation, use _CRT_SECURE_NO_WARNINGS. See online help for details.
  c:\program files (x86)\windows kits\10\include\10.0.17134.0\ucrt\stdio.h(1274): note: vedere la dichiarazione di 'scanf'
c:\users\riccardo\desktop\3anno\multimedia\cuda\cudarepo\cudaprogramming\src\main.cpp(48): warning C4018: '<': errata corrispondenza tra signed e unsigned
     Creazione della libreria C:\Users\Riccardo\Desktop\3Anno\Multimedia\Cuda\cudaRepo\CudaProgramming\x64\Release\average.lib e dell'oggetto C:\Users\Riccardo\Desktop\3Anno\Multimedia\Cuda\cudaRepo\CudaProgramming\x64\Release\average.exp
  Generazione codice in corso...
  186 of 187 functions (99.5%) were compiled, the rest were copied from previous compilation.
    0 functions were new in current compilation
    0 functions had inline decision re-evaluated but remain unchanged
  Generazione codice terminata
  average.vcxproj -> C:\Users\Riccardo\Desktop\3Anno\Multimedia\Cuda\cudaRepo\CudaProgramming\x64\Release\average.exe
  copy "C:\Program Files\NVIDIA GPU Computing Toolkit\CUDA\v10.0\bin\cudart*.dll" "C:\Users\Riccardo\Desktop\3Anno\Multimedia\Cuda\cudaRepo\CudaProgramming\x64\Release\"
  C:\Program Files\NVIDIA GPU Computing Toolkit\CUDA\v10.0\bin\cudart32_100.dll
  C:\Program Files\NVIDIA GPU Computing Toolkit\CUDA\v10.0\bin\cudart64_100.dll
          2 file copiati.
